2024-03-28 22:02:12.731 [info] Log level: Info
2024-03-28 22:02:12.731 [info] Validating found git in: "git"
2024-03-28 22:02:12.731 [info] Using git "2.43.0" from "git"
2024-03-28 22:02:12.731 [info] > git rev-parse --show-toplevel [2ms]
2024-03-28 22:02:12.731 [info] fatal: not a git repository (or any of the parent directories): .git
2024-03-28 22:02:12.731 [info] > git rev-parse --show-toplevel [2ms]
2024-03-28 22:02:12.731 [info] fatal: not a git repository (or any of the parent directories): .git
2024-03-28 22:02:12.732 [info] > git rev-parse --show-toplevel [1ms]
2024-03-28 22:02:12.732 [info] fatal: not a git repository (or any of the parent directories): .git
2024-03-28 22:02:12.738 [info] > git rev-parse --show-toplevel [1ms]
2024-03-28 22:02:12.738 [info] fatal: not a git repository (or any of the parent directories): .git
2024-03-28 22:02:12.744 [info] > git rev-parse --show-toplevel [1ms]
2024-03-28 22:02:12.744 [info] fatal: not a git repository (or any of the parent directories): .git
2024-03-28 22:02:12.749 [info] > git rev-parse --show-toplevel [1ms]
2024-03-28 22:02:12.749 [info] fatal: not a git repository (or any of the parent directories): .git
2024-03-28 22:02:12.754 [info] > git rev-parse --show-toplevel [1ms]
2024-03-28 22:02:12.754 [info] fatal: not a git repository (or any of the parent directories): .git
2024-03-28 22:02:12.760 [info] > git rev-parse --show-toplevel [0ms]
2024-03-28 22:02:12.760 [info] fatal: not a git repository (or any of the parent directories): .git
2024-03-28 22:02:12.765 [info] > git rev-parse --show-toplevel [0ms]
2024-03-28 22:02:12.766 [info] fatal: not a git repository (or any of the parent directories): .git
2024-03-28 22:02:12.775 [info] > git rev-parse --show-toplevel [5ms]
2024-03-28 22:02:12.785 [info] > git rev-parse --git-dir --git-common-dir [2ms]
2024-03-28 22:02:12.799 [info] Open repository: /home/rizky/.oh-my-zsh
2024-03-28 22:02:12.919 [info] > git rev-parse --show-toplevel [102ms]
2024-03-28 22:02:12.919 [info] fatal: not a git repository (or any of the parent directories): .git
2024-03-28 22:02:12.919 [info] > git config --get commit.template [106ms]
2024-03-28 22:02:12.947 [info] > git rev-parse --show-toplevel [7ms]
2024-03-28 22:02:12.947 [info] fatal: not a git repository (or any of the parent directories): .git
2024-03-28 22:02:12.951 [info] > git for-each-ref --format=%(refname)%00%(upstream:short)%00%(objectname)%00%(upstream:track)%00%(upstream:remotename)%00%(upstream:remoteref) refs/heads/master refs/remotes/master [5ms]
2024-03-28 22:02:12.957 [info] > git rev-parse --show-toplevel [7ms]
2024-03-28 22:02:12.957 [info] fatal: not a git repository (or any of the parent directories): .git
2024-03-28 22:02:12.962 [info] > git rev-parse --show-toplevel [1ms]
2024-03-28 22:02:12.962 [info] fatal: not a git repository (or any of the parent directories): .git
2024-03-28 22:02:13.006 [info] > git status -z -uall [50ms]
2024-03-28 22:02:13.014 [info] > git rev-parse --show-toplevel [49ms]
2024-03-28 22:02:13.014 [info] fatal: not a git repository (or any of the parent directories): .git
2024-03-28 22:02:13.025 [info] > git rev-parse --show-toplevel [4ms]
2024-03-28 22:02:13.025 [info] fatal: not a git repository (or any of the parent directories): .git
2024-03-28 22:02:13.025 [info] > git config --get commit.template [7ms]
2024-03-28 22:02:13.084 [info] > git for-each-ref --format=%(refname)%00%(upstream:short)%00%(objectname)%00%(upstream:track)%00%(upstream:remotename)%00%(upstream:remoteref) refs/heads/master refs/remotes/master [50ms]
2024-03-28 22:02:13.088 [info] > git rev-parse --show-toplevel [58ms]
2024-03-28 22:02:13.088 [info] fatal: not a git repository (or any of the parent directories): .git
2024-03-28 22:02:13.114 [info] > git rev-parse --show-toplevel [3ms]
2024-03-28 22:02:13.114 [info] fatal: not a git repository (or any of the parent directories): .git
2024-03-28 22:02:13.182 [info] > git status -z -uall [94ms]
2024-03-28 22:02:13.183 [info] > git rev-parse --show-toplevel [1ms]
2024-03-28 22:02:13.183 [info] fatal: not a git repository (or any of the parent directories): .git
2024-03-28 22:02:13.191 [info] > git rev-parse --show-toplevel [1ms]
2024-03-28 22:02:13.191 [info] fatal: not a git repository (or any of the parent directories): .git
2024-03-28 22:02:13.197 [info] > git rev-parse --show-toplevel [1ms]
2024-03-28 22:02:13.197 [info] fatal: not a git repository (or any of the parent directories): .git
2024-03-28 22:02:13.202 [info] > git rev-parse --show-toplevel [1ms]
2024-03-28 22:02:13.202 [info] fatal: not a git repository (or any of the parent directories): .git
2024-03-28 22:02:13.208 [info] > git rev-parse --show-toplevel [1ms]
2024-03-28 22:02:13.213 [info] > git rev-parse --git-dir --git-common-dir [1ms]
2024-03-28 22:02:13.216 [info] Open repository: /home/rizky/nvim
2024-03-28 22:02:13.228 [info] > git rev-parse --show-toplevel [1ms]
2024-03-28 22:02:13.228 [info] fatal: not a git repository (or any of the parent directories): .git
2024-03-28 22:02:13.228 [info] > git config --get commit.template [6ms]
2024-03-28 22:02:13.236 [info] > git for-each-ref --format=%(refname)%00%(upstream:short)%00%(objectname)%00%(upstream:track)%00%(upstream:remotename)%00%(upstream:remoteref) refs/heads/main refs/remotes/main [1ms]
2024-03-28 22:02:13.244 [info] > git status -z -uall [3ms]
2024-03-28 22:02:13.253 [info] > git config --get commit.template [1ms]
2024-03-28 22:02:13.259 [info] > git for-each-ref --format=%(refname)%00%(upstream:short)%00%(objectname)%00%(upstream:track)%00%(upstream:remotename)%00%(upstream:remoteref) refs/heads/main refs/remotes/main [1ms]
2024-03-28 22:02:13.319 [info] > git status -z -uall [56ms]
2024-03-28 22:02:13.742 [info] > git check-ignore -v -z --stdin [6ms]
2024-03-28 22:02:13.743 [info] > git check-ignore -v -z --stdin [2ms]
2024-03-28 22:04:00.485 [info] > git rev-parse --show-toplevel [15ms]
2024-03-28 22:04:00.485 [info] fatal: not a git repository (or any of the parent directories): .git
