2023-12-14 22:52:52.103 [info] Log level: Info
2023-12-14 22:52:52.103 [info] Validating found git in: "git"
2023-12-14 22:52:52.103 [info] Using git "2.43.0" from "git"
2023-12-14 22:52:52.103 [info] > git rev-parse --show-toplevel [5ms]
2023-12-14 22:52:52.103 [info] fatal: not a git repository (or any of the parent directories): .git
2023-12-14 22:52:52.103 [info] > git rev-parse --show-toplevel [114ms]
2023-12-14 22:52:52.103 [info] fatal: not a git repository (or any of the parent directories): .git
2023-12-14 22:52:52.104 [info] > git rev-parse --show-toplevel [6ms]
2023-12-14 22:52:52.104 [info] fatal: not a git repository (or any of the parent directories): .git
2023-12-14 22:52:52.114 [info] > git rev-parse --show-toplevel [3ms]
2023-12-14 22:52:52.114 [info] fatal: not a git repository (or any of the parent directories): .git
2023-12-14 22:52:52.125 [info] > git rev-parse --show-toplevel [1ms]
2023-12-14 22:52:52.125 [info] fatal: not a git repository (or any of the parent directories): .git
2023-12-14 22:52:52.132 [info] > git rev-parse --show-toplevel [1ms]
2023-12-14 22:52:52.132 [info] fatal: not a git repository (or any of the parent directories): .git
2023-12-14 22:52:52.209 [info] > git rev-parse --show-toplevel [1ms]
2023-12-14 22:52:52.209 [info] fatal: not a git repository (or any of the parent directories): .git
2023-12-14 22:52:52.216 [info] > git rev-parse --show-toplevel [1ms]
2023-12-14 22:52:52.216 [info] fatal: not a git repository (or any of the parent directories): .git
2023-12-14 22:52:52.259 [info] > git rev-parse --show-toplevel [37ms]
2023-12-14 22:52:52.343 [info] > git rev-parse --git-dir --git-common-dir [1ms]
2023-12-14 22:52:52.355 [info] Open repository: /home/rizky/.oh-my-zsh
2023-12-14 22:52:52.370 [info] > git rev-parse --show-toplevel [2ms]
2023-12-14 22:52:52.370 [info] fatal: not a git repository (or any of the parent directories): .git
2023-12-14 22:52:52.371 [info] > git config --get commit.template [8ms]
2023-12-14 22:52:52.384 [info] > git for-each-ref --format=%(refname)%00%(upstream:short)%00%(objectname)%00%(upstream:track)%00%(upstream:remotename)%00%(upstream:remoteref) refs/heads/master refs/remotes/master [2ms]
2023-12-14 22:52:52.390 [info] > git rev-parse --show-toplevel [13ms]
2023-12-14 22:52:52.390 [info] fatal: not a git repository (or any of the parent directories): .git
2023-12-14 22:52:52.397 [info] > git rev-parse --show-toplevel [1ms]
2023-12-14 22:52:52.397 [info] fatal: not a git repository (or any of the parent directories): .git
2023-12-14 22:52:52.403 [info] > git rev-parse --show-toplevel [1ms]
2023-12-14 22:52:52.403 [info] fatal: not a git repository (or any of the parent directories): .git
2023-12-14 22:52:52.410 [info] > git rev-parse --show-toplevel [2ms]
2023-12-14 22:52:52.410 [info] fatal: not a git repository (or any of the parent directories): .git
2023-12-14 22:52:52.417 [info] > git rev-parse --show-toplevel [1ms]
2023-12-14 22:52:52.417 [info] fatal: not a git repository (or any of the parent directories): .git
2023-12-14 22:52:52.425 [info] > git status -z -uall [36ms]
2023-12-14 22:52:52.439 [info] > git rev-parse --show-toplevel [15ms]
2023-12-14 22:52:52.439 [info] fatal: not a git repository (or any of the parent directories): .git
2023-12-14 22:52:52.446 [info] > git config --get commit.template [8ms]
2023-12-14 22:52:52.447 [info] > git rev-parse --show-toplevel [2ms]
2023-12-14 22:52:52.447 [info] fatal: not a git repository (or any of the parent directories): .git
2023-12-14 22:52:52.502 [info] > git for-each-ref --format=%(refname)%00%(upstream:short)%00%(objectname)%00%(upstream:track)%00%(upstream:remotename)%00%(upstream:remoteref) refs/heads/master refs/remotes/master [4ms]
2023-12-14 22:52:52.599 [info] > git status -z -uall [92ms]
2023-12-14 22:52:52.877 [info] > git check-ignore -v -z --stdin [1ms]
2023-12-14 23:05:30.257 [info] > git rev-parse --show-toplevel [4ms]
2023-12-14 23:05:30.279 [info] > git rev-parse --git-dir --git-common-dir [4ms]
2023-12-14 23:05:30.295 [info] Open repository: /home/rizky/.cache/paru/clone/spicetify-cli-git
2023-12-14 23:05:30.311 [info] > git config --get commit.template [8ms]
2023-12-14 23:05:30.311 [info] > git for-each-ref --format=%(refname)%00%(upstream:short)%00%(objectname)%00%(upstream:track)%00%(upstream:remotename)%00%(upstream:remoteref) refs/heads/master refs/remotes/master [1ms]
2023-12-14 23:05:30.318 [info] > git status -z -uall [2ms]
2023-12-14 23:05:30.334 [info] > git config --get commit.template [5ms]
2023-12-14 23:05:30.334 [info] > git for-each-ref --format=%(refname)%00%(upstream:short)%00%(objectname)%00%(upstream:track)%00%(upstream:remotename)%00%(upstream:remoteref) refs/heads/master refs/remotes/master [1ms]
2023-12-14 23:05:30.339 [info] > git status -z -uall [1ms]
2023-12-14 23:05:40.280 [info] > git config --get commit.template [7ms]
2023-12-14 23:05:40.281 [info] > git for-each-ref --format=%(refname)%00%(upstream:short)%00%(objectname)%00%(upstream:track)%00%(upstream:remotename)%00%(upstream:remoteref) refs/heads/master refs/remotes/master [2ms]
2023-12-14 23:05:40.290 [info] > git status -z -uall [4ms]
2023-12-14 23:06:52.526 [info] > git config --get commit.template [1ms]
2023-12-14 23:06:52.536 [info] > git for-each-ref --format=%(refname)%00%(upstream:short)%00%(objectname)%00%(upstream:track)%00%(upstream:remotename)%00%(upstream:remoteref) refs/heads/master refs/remotes/master [0ms]
2023-12-14 23:06:52.546 [info] > git status -z -uall [4ms]
2023-12-14 23:08:03.287 [info] > git config --get commit.template [2ms]
2023-12-14 23:08:03.297 [info] > git for-each-ref --format=%(refname)%00%(upstream:short)%00%(objectname)%00%(upstream:track)%00%(upstream:remotename)%00%(upstream:remoteref) refs/heads/master refs/remotes/master [2ms]
2023-12-14 23:08:03.307 [info] > git status -z -uall [3ms]
2023-12-14 23:13:30.823 [info] > git rev-parse --show-toplevel [4ms]
2023-12-14 23:13:30.848 [info] > git rev-parse --git-dir --git-common-dir [4ms]
2023-12-14 23:13:30.863 [info] Open repository: /home/rizky/github/Gruvboxy
2023-12-14 23:13:30.875 [info] > git config --get commit.template [1ms]
2023-12-14 23:13:30.881 [info] > git for-each-ref --format=%(refname)%00%(upstream:short)%00%(objectname)%00%(upstream:track)%00%(upstream:remotename)%00%(upstream:remoteref) refs/heads/master refs/remotes/master [1ms]
2023-12-14 23:13:30.888 [info] > git status -z -uall [1ms]
2023-12-14 23:13:30.900 [info] > git config --get commit.template [5ms]
2023-12-14 23:13:30.900 [info] > git for-each-ref --format=%(refname)%00%(upstream:short)%00%(objectname)%00%(upstream:track)%00%(upstream:remotename)%00%(upstream:remoteref) refs/heads/master refs/remotes/master [0ms]
2023-12-14 23:13:30.906 [info] > git status -z -uall [1ms]
2023-12-14 23:16:12.892 [info] > git config --get commit.template [9ms]
2023-12-14 23:16:12.893 [info] > git for-each-ref --format=%(refname)%00%(upstream:short)%00%(objectname)%00%(upstream:track)%00%(upstream:remotename)%00%(upstream:remoteref) refs/heads/main refs/remotes/main [2ms]
2023-12-14 23:16:12.922 [info] > git status -z -uall [21ms]
2023-12-14 23:16:17.945 [info] > git config --get commit.template [8ms]
2023-12-14 23:16:17.946 [info] > git for-each-ref --format=%(refname)%00%(upstream:short)%00%(objectname)%00%(upstream:track)%00%(upstream:remotename)%00%(upstream:remoteref) refs/heads/main refs/remotes/main [2ms]
2023-12-14 23:16:17.969 [info] > git status -z -uall [17ms]
2023-12-14 23:23:54.948 [info] > git rev-parse --show-toplevel [0ms]
2023-12-14 23:23:54.953 [info] > git rev-parse --git-dir --git-common-dir [0ms]
2023-12-14 23:23:54.957 [info] Open repository: /home/rizky/.cache/paru/clone/betterdiscord-git/src/betterdiscord
2023-12-14 23:23:54.966 [info] > git config --get commit.template [5ms]
2023-12-14 23:23:54.967 [info] > git for-each-ref --format=%(refname)%00%(upstream:short)%00%(objectname)%00%(upstream:track)%00%(upstream:remotename)%00%(upstream:remoteref) refs/heads/makepkg refs/remotes/makepkg [1ms]
2023-12-14 23:23:55.054 [info] > git status -z -uall [83ms]
2023-12-14 23:23:55.064 [info] > git config --get commit.template [2ms]
2023-12-14 23:23:55.069 [info] > git for-each-ref --format=%(refname)%00%(upstream:short)%00%(objectname)%00%(upstream:track)%00%(upstream:remotename)%00%(upstream:remoteref) refs/heads/makepkg refs/remotes/makepkg [1ms]
2023-12-14 23:23:55.150 [info] > git status -z -uall [76ms]
2023-12-14 23:24:43.522 [warning] ENOENT: no such file or directory, open '/home/rizky/.cache/paru/clone/betterdiscord-git/src/betterdiscord/.git/HEAD'
2023-12-14 23:24:43.535 [warning] getRemotes() - ENOENT: no such file or directory, open '/home/rizky/.cache/paru/clone/betterdiscord-git/src/betterdiscord/.git/config'
2023-12-14 23:24:43.549 [warning] ENOENT: no such file or directory, open '/home/rizky/.cache/paru/clone/betterdiscord-git/src/betterdiscord/.git/HEAD'
2023-12-14 23:24:43.560 [warning] getRemotes() - ENOENT: no such file or directory, open '/home/rizky/.cache/paru/clone/betterdiscord-git/src/betterdiscord/.git/config'
2023-12-14 23:33:22.944 [info] > git rev-parse --show-toplevel [4ms]
2023-12-14 23:33:22.967 [info] > git rev-parse --git-dir --git-common-dir [4ms]
2023-12-14 23:33:22.975 [info] Open repository: /home/rizky/.cache/paru/clone/betterdiscordctl
2023-12-14 23:33:22.989 [info] > git config --get commit.template [7ms]
2023-12-14 23:33:22.989 [info] > git for-each-ref --format=%(refname)%00%(upstream:short)%00%(objectname)%00%(upstream:track)%00%(upstream:remotename)%00%(upstream:remoteref) refs/heads/master refs/remotes/master [1ms]
2023-12-14 23:33:22.996 [info] > git status -z -uall [2ms]
2023-12-14 23:33:23.011 [info] > git config --get commit.template [5ms]
2023-12-14 23:33:23.011 [info] > git for-each-ref --format=%(refname)%00%(upstream:short)%00%(objectname)%00%(upstream:track)%00%(upstream:remotename)%00%(upstream:remoteref) refs/heads/master refs/remotes/master [1ms]
2023-12-14 23:33:23.017 [info] > git status -z -uall [1ms]
2023-12-14 23:34:08.816 [info] > git config --get commit.template [2ms]
2023-12-14 23:34:08.826 [info] > git for-each-ref --format=%(refname)%00%(upstream:short)%00%(objectname)%00%(upstream:track)%00%(upstream:remotename)%00%(upstream:remoteref) refs/heads/master refs/remotes/master [2ms]
2023-12-14 23:34:08.834 [info] > git status -z -uall [2ms]
2023-12-14 23:34:49.985 [info] > git rev-parse --show-toplevel [2ms]
2023-12-14 23:34:49.996 [info] > git rev-parse --git-dir --git-common-dir [2ms]
2023-12-14 23:34:50.001 [info] Open repository: /home/rizky/.cache/paru/clone/betterdiscordctl-git
2023-12-14 23:34:50.009 [info] > git config --get commit.template [1ms]
2023-12-14 23:34:50.016 [info] > git for-each-ref --format=%(refname)%00%(upstream:short)%00%(objectname)%00%(upstream:track)%00%(upstream:remotename)%00%(upstream:remoteref) refs/heads/master refs/remotes/master [1ms]
2023-12-14 23:34:50.022 [info] > git status -z -uall [1ms]
2023-12-14 23:34:50.034 [info] > git config --get commit.template [5ms]
2023-12-14 23:34:50.035 [info] > git for-each-ref --format=%(refname)%00%(upstream:short)%00%(objectname)%00%(upstream:track)%00%(upstream:remotename)%00%(upstream:remoteref) refs/heads/master refs/remotes/master [1ms]
2023-12-14 23:34:50.040 [info] > git status -z -uall [1ms]
2023-12-14 23:34:59.545 [info] > git config --get commit.template [6ms]
2023-12-14 23:34:59.545 [info] > git config --get commit.template [1ms]
2023-12-14 23:34:59.555 [info] > git for-each-ref --format=%(refname)%00%(upstream:short)%00%(objectname)%00%(upstream:track)%00%(upstream:remotename)%00%(upstream:remoteref) refs/heads/master refs/remotes/master [5ms]
2023-12-14 23:34:59.560 [info] > git for-each-ref --format=%(refname)%00%(upstream:short)%00%(objectname)%00%(upstream:track)%00%(upstream:remotename)%00%(upstream:remoteref) refs/heads/master refs/remotes/master [6ms]
2023-12-14 23:34:59.565 [info] > git status -z -uall [5ms]
2023-12-14 23:34:59.567 [info] > git status -z -uall [2ms]
2023-12-14 23:35:27.617 [info] > git config --get commit.template [7ms]
2023-12-14 23:35:27.618 [info] > git for-each-ref --format=%(refname)%00%(upstream:short)%00%(objectname)%00%(upstream:track)%00%(upstream:remotename)%00%(upstream:remoteref) refs/heads/master refs/remotes/master [1ms]
2023-12-14 23:35:27.626 [info] > git status -z -uall [2ms]
