2023-12-14 22:52:51.678 [info] Extension host with pid 6283 started
2023-12-14 22:52:51.678 [info] Skipping acquiring lock for /home/rizky/.config/Code - OSS/User/workspaceStorage/a2247a97677840023ab9bf7080533747.
2023-12-14 22:52:51.701 [info] ExtensionService#_doActivateExtension vscode.git-base, startup: true, activationEvent: '*', root cause: vscode.git
2023-12-14 22:52:51.715 [info] ExtensionService#_doActivateExtension vscode.git, startup: true, activationEvent: '*'
2023-12-14 22:52:51.815 [info] ExtensionService#_doActivateExtension vscode.github, startup: true, activationEvent: '*'
2023-12-14 22:52:51.913 [info] Eager extensions activated
2023-12-14 22:52:51.951 [info] ExtensionService#_doActivateExtension vscode.debug-auto-launch, startup: false, activationEvent: 'onStartupFinished'
2023-12-14 22:52:51.953 [info] ExtensionService#_doActivateExtension vscode.merge-conflict, startup: false, activationEvent: 'onStartupFinished'
2023-12-14 22:52:51.979 [info] ExtensionService#_doActivateExtension drcika.apc-extension, startup: false, activationEvent: 'onStartupFinished'
2023-12-14 22:52:51.983 [info] ExtensionService#_doActivateExtension vscode-icons-team.vscode-icons, startup: false, activationEvent: 'onStartupFinished'
2023-12-14 22:52:52.448 [info] ExtensionService#_doActivateExtension vscode.github-authentication, startup: false, activationEvent: 'onAuthenticationRequest:github'
2023-12-14 22:52:54.246 [info] ExtensionService#_doActivateExtension vscode.emmet, startup: false, activationEvent: 'onLanguage'
2023-12-14 23:05:40.307 [warning] [Decorations] CAPPING events from decorations provider vscode.git 915
2023-12-14 23:06:52.550 [warning] [Decorations] CAPPING events from decorations provider vscode.git 916
2023-12-14 23:24:44.574 [error] Error: spawn git ENOENT
	at ChildProcess.<anonymous> (/usr/lib/code/extensions/git/dist/main.js:2:1276102)
	at Object.onceWrapper (node:events:628:26)
	at ChildProcess.emit (node:events:513:28)
	at ChildProcess._handle.onexit (node:internal/child_process:289:12)
	at onErrorNT (node:internal/child_process:476:16)
	at process.processTicksAndRejections (node:internal/process/task_queues:82:21)
2023-12-14 23:45:37.852 [info] Extension host terminating: renderer closed the MessagePort
2023-12-14 23:45:37.875 [error] Canceled: Canceled
	at new f (/usr/lib/code/out/vs/workbench/api/node/extensionHostProcess.js:125:108614)
	at n.U (/usr/lib/code/out/vs/workbench/api/node/extensionHostProcess.js:134:10873)
	at F.<computed>.z.charCodeAt.F.<computed> (/usr/lib/code/out/vs/workbench/api/node/extensionHostProcess.js:134:8315)
	at i.g (/usr/lib/code/out/vs/workbench/api/node/extensionHostProcess.js:125:139130)
	at i.executeCommand (/usr/lib/code/out/vs/workbench/api/node/extensionHostProcess.js:125:138568)
	at $.registerCommand.description (/usr/lib/code/out/vs/workbench/api/node/extensionHostProcess.js:125:137892)
	at i.h (/usr/lib/code/out/vs/workbench/api/node/extensionHostProcess.js:125:139669)
	at i.g (/usr/lib/code/out/vs/workbench/api/node/extensionHostProcess.js:125:138661)
	at i.executeCommand (/usr/lib/code/out/vs/workbench/api/node/extensionHostProcess.js:125:138568)
	at Object.executeCommand (/usr/lib/code/out/vs/workbench/api/node/extensionHostProcess.js:140:21329)
	at h.D [as value] (/usr/lib/code/extensions/git/dist/main.js:2:1316925)
	at c.y (/usr/lib/code/out/vs/workbench/api/node/extensionHostProcess.js:80:1902)
	at c.z (/usr/lib/code/out/vs/workbench/api/node/extensionHostProcess.js:80:1972)
	at c.fire (/usr/lib/code/out/vs/workbench/api/node/extensionHostProcess.js:80:2188)
	at Object.m [as dispose] (/usr/lib/code/extensions/git/dist/main.js:2:1332842)
	at /usr/lib/code/extensions/git/dist/main.js:2:1337795
	at Array.forEach (<anonymous>)
	at g.dispose (/usr/lib/code/extensions/git/dist/main.js:2:1337781)
	at v.<anonymous> (/usr/lib/code/out/vs/workbench/api/node/extensionHostProcess.js:121:3572)
	at v.dispose (/usr/lib/code/out/vs/workbench/api/node/extensionHostProcess.js:121:3669)
	at v.<anonymous> (/usr/lib/code/extensions/git/dist/main.js:2:1318937)
	at v.dispose (/usr/lib/code/out/vs/workbench/api/node/extensionHostProcess.js:121:3669)
	at o (/usr/lib/code/out/vs/workbench/api/node/extensionHostProcess.js:30:754)
	at h.cb (/usr/lib/code/out/vs/workbench/api/node/extensionHostProcess.js:136:9843)
	at /usr/lib/code/out/vs/workbench/api/node/extensionHostProcess.js:136:7793
	at Array.map (<anonymous>)
	at h.Y (/usr/lib/code/out/vs/workbench/api/node/extensionHostProcess.js:136:7781)
	at h.terminate (/usr/lib/code/out/vs/workbench/api/node/extensionHostProcess.js:136:8051)
	at o.terminate (/usr/lib/code/out/vs/workbench/api/node/extensionHostProcess.js:140:1513)
	at a (/usr/lib/code/out/vs/workbench/api/node/extensionHostProcess.js:153:9817)
	at MessagePortMain.<anonymous> (/usr/lib/code/out/vs/workbench/api/node/extensionHostProcess.js:153:6242)
	at MessagePortMain.emit (node:events:513:28)
	at MessagePortMain._internalPort.emit (node:electron/js2c/utility_init:2:367) setContext undefined
2023-12-14 23:45:37.875 [error] Canceled: Canceled
	at new f (/usr/lib/code/out/vs/workbench/api/node/extensionHostProcess.js:125:108614)
	at n.U (/usr/lib/code/out/vs/workbench/api/node/extensionHostProcess.js:134:10873)
	at F.<computed>.z.charCodeAt.F.<computed> (/usr/lib/code/out/vs/workbench/api/node/extensionHostProcess.js:134:8315)
	at i.g (/usr/lib/code/out/vs/workbench/api/node/extensionHostProcess.js:125:139130)
	at i.executeCommand (/usr/lib/code/out/vs/workbench/api/node/extensionHostProcess.js:125:138568)
	at $.registerCommand.description (/usr/lib/code/out/vs/workbench/api/node/extensionHostProcess.js:125:137892)
	at i.h (/usr/lib/code/out/vs/workbench/api/node/extensionHostProcess.js:125:139669)
	at i.g (/usr/lib/code/out/vs/workbench/api/node/extensionHostProcess.js:125:138661)
	at i.executeCommand (/usr/lib/code/out/vs/workbench/api/node/extensionHostProcess.js:125:138568)
	at Object.executeCommand (/usr/lib/code/out/vs/workbench/api/node/extensionHostProcess.js:140:21329)
	at h.D [as value] (/usr/lib/code/extensions/git/dist/main.js:2:1316925)
	at c.y (/usr/lib/code/out/vs/workbench/api/node/extensionHostProcess.js:80:1902)
	at c.z (/usr/lib/code/out/vs/workbench/api/node/extensionHostProcess.js:80:1972)
	at c.fire (/usr/lib/code/out/vs/workbench/api/node/extensionHostProcess.js:80:2188)
	at Object.m [as dispose] (/usr/lib/code/extensions/git/dist/main.js:2:1332842)
	at /usr/lib/code/extensions/git/dist/main.js:2:1337795
	at Array.forEach (<anonymous>)
	at g.dispose (/usr/lib/code/extensions/git/dist/main.js:2:1337781)
	at v.<anonymous> (/usr/lib/code/out/vs/workbench/api/node/extensionHostProcess.js:121:3572)
	at v.dispose (/usr/lib/code/out/vs/workbench/api/node/extensionHostProcess.js:121:3669)
	at v.<anonymous> (/usr/lib/code/extensions/git/dist/main.js:2:1318937)
	at v.dispose (/usr/lib/code/out/vs/workbench/api/node/extensionHostProcess.js:121:3669)
	at o (/usr/lib/code/out/vs/workbench/api/node/extensionHostProcess.js:30:754)
	at h.cb (/usr/lib/code/out/vs/workbench/api/node/extensionHostProcess.js:136:9843)
	at /usr/lib/code/out/vs/workbench/api/node/extensionHostProcess.js:136:7793
	at Array.map (<anonymous>)
	at h.Y (/usr/lib/code/out/vs/workbench/api/node/extensionHostProcess.js:136:7781)
	at h.terminate (/usr/lib/code/out/vs/workbench/api/node/extensionHostProcess.js:136:8051)
	at o.terminate (/usr/lib/code/out/vs/workbench/api/node/extensionHostProcess.js:140:1513)
	at a (/usr/lib/code/out/vs/workbench/api/node/extensionHostProcess.js:153:9817)
	at MessagePortMain.<anonymous> (/usr/lib/code/out/vs/workbench/api/node/extensionHostProcess.js:153:6242)
	at MessagePortMain.emit (node:events:513:28)
	at MessagePortMain._internalPort.emit (node:electron/js2c/utility_init:2:367) setContext undefined
2023-12-14 23:45:37.875 [error] Canceled: Canceled
	at new f (/usr/lib/code/out/vs/workbench/api/node/extensionHostProcess.js:125:108614)
	at n.U (/usr/lib/code/out/vs/workbench/api/node/extensionHostProcess.js:134:10873)
	at F.<computed>.z.charCodeAt.F.<computed> (/usr/lib/code/out/vs/workbench/api/node/extensionHostProcess.js:134:8315)
	at i.g (/usr/lib/code/out/vs/workbench/api/node/extensionHostProcess.js:125:139130)
	at i.executeCommand (/usr/lib/code/out/vs/workbench/api/node/extensionHostProcess.js:125:138568)
	at $.registerCommand.description (/usr/lib/code/out/vs/workbench/api/node/extensionHostProcess.js:125:137892)
	at i.h (/usr/lib/code/out/vs/workbench/api/node/extensionHostProcess.js:125:139669)
	at i.g (/usr/lib/code/out/vs/workbench/api/node/extensionHostProcess.js:125:138661)
	at i.executeCommand (/usr/lib/code/out/vs/workbench/api/node/extensionHostProcess.js:125:138568)
	at Object.executeCommand (/usr/lib/code/out/vs/workbench/api/node/extensionHostProcess.js:140:21329)
	at h.D [as value] (/usr/lib/code/extensions/git/dist/main.js:2:1316925)
	at c.y (/usr/lib/code/out/vs/workbench/api/node/extensionHostProcess.js:80:1902)
	at c.z (/usr/lib/code/out/vs/workbench/api/node/extensionHostProcess.js:80:1972)
	at c.fire (/usr/lib/code/out/vs/workbench/api/node/extensionHostProcess.js:80:2188)
	at Object.m [as dispose] (/usr/lib/code/extensions/git/dist/main.js:2:1332842)
	at /usr/lib/code/extensions/git/dist/main.js:2:1337795
	at Array.forEach (<anonymous>)
	at g.dispose (/usr/lib/code/extensions/git/dist/main.js:2:1337781)
	at v.<anonymous> (/usr/lib/code/out/vs/workbench/api/node/extensionHostProcess.js:121:3572)
	at v.dispose (/usr/lib/code/out/vs/workbench/api/node/extensionHostProcess.js:121:3669)
	at v.<anonymous> (/usr/lib/code/extensions/git/dist/main.js:2:1318937)
	at v.dispose (/usr/lib/code/out/vs/workbench/api/node/extensionHostProcess.js:121:3669)
	at o (/usr/lib/code/out/vs/workbench/api/node/extensionHostProcess.js:30:754)
	at h.cb (/usr/lib/code/out/vs/workbench/api/node/extensionHostProcess.js:136:9843)
	at /usr/lib/code/out/vs/workbench/api/node/extensionHostProcess.js:136:7793
	at Array.map (<anonymous>)
	at h.Y (/usr/lib/code/out/vs/workbench/api/node/extensionHostProcess.js:136:7781)
	at h.terminate (/usr/lib/code/out/vs/workbench/api/node/extensionHostProcess.js:136:8051)
	at o.terminate (/usr/lib/code/out/vs/workbench/api/node/extensionHostProcess.js:140:1513)
	at a (/usr/lib/code/out/vs/workbench/api/node/extensionHostProcess.js:153:9817)
	at MessagePortMain.<anonymous> (/usr/lib/code/out/vs/workbench/api/node/extensionHostProcess.js:153:6242)
	at MessagePortMain.emit (node:events:513:28)
	at MessagePortMain._internalPort.emit (node:electron/js2c/utility_init:2:367) setContext undefined
2023-12-14 23:45:37.875 [error] Canceled: Canceled
	at new f (/usr/lib/code/out/vs/workbench/api/node/extensionHostProcess.js:125:108614)
	at n.U (/usr/lib/code/out/vs/workbench/api/node/extensionHostProcess.js:134:10873)
	at F.<computed>.z.charCodeAt.F.<computed> (/usr/lib/code/out/vs/workbench/api/node/extensionHostProcess.js:134:8315)
	at i.g (/usr/lib/code/out/vs/workbench/api/node/extensionHostProcess.js:125:139130)
	at i.executeCommand (/usr/lib/code/out/vs/workbench/api/node/extensionHostProcess.js:125:138568)
	at $.registerCommand.description (/usr/lib/code/out/vs/workbench/api/node/extensionHostProcess.js:125:137892)
	at i.h (/usr/lib/code/out/vs/workbench/api/node/extensionHostProcess.js:125:139669)
	at i.g (/usr/lib/code/out/vs/workbench/api/node/extensionHostProcess.js:125:138661)
	at i.executeCommand (/usr/lib/code/out/vs/workbench/api/node/extensionHostProcess.js:125:138568)
	at Object.executeCommand (/usr/lib/code/out/vs/workbench/api/node/extensionHostProcess.js:140:21329)
	at h.D [as value] (/usr/lib/code/extensions/git/dist/main.js:2:1316925)
	at c.y (/usr/lib/code/out/vs/workbench/api/node/extensionHostProcess.js:80:1902)
	at c.z (/usr/lib/code/out/vs/workbench/api/node/extensionHostProcess.js:80:1972)
	at c.fire (/usr/lib/code/out/vs/workbench/api/node/extensionHostProcess.js:80:2188)
	at Object.m [as dispose] (/usr/lib/code/extensions/git/dist/main.js:2:1332842)
	at /usr/lib/code/extensions/git/dist/main.js:2:1337795
	at Array.forEach (<anonymous>)
	at g.dispose (/usr/lib/code/extensions/git/dist/main.js:2:1337781)
	at v.<anonymous> (/usr/lib/code/out/vs/workbench/api/node/extensionHostProcess.js:121:3572)
	at v.dispose (/usr/lib/code/out/vs/workbench/api/node/extensionHostProcess.js:121:3669)
	at v.<anonymous> (/usr/lib/code/extensions/git/dist/main.js:2:1318937)
	at v.dispose (/usr/lib/code/out/vs/workbench/api/node/extensionHostProcess.js:121:3669)
	at o (/usr/lib/code/out/vs/workbench/api/node/extensionHostProcess.js:30:754)
	at h.cb (/usr/lib/code/out/vs/workbench/api/node/extensionHostProcess.js:136:9843)
	at /usr/lib/code/out/vs/workbench/api/node/extensionHostProcess.js:136:7793
	at Array.map (<anonymous>)
	at h.Y (/usr/lib/code/out/vs/workbench/api/node/extensionHostProcess.js:136:7781)
	at h.terminate (/usr/lib/code/out/vs/workbench/api/node/extensionHostProcess.js:136:8051)
	at o.terminate (/usr/lib/code/out/vs/workbench/api/node/extensionHostProcess.js:140:1513)
	at a (/usr/lib/code/out/vs/workbench/api/node/extensionHostProcess.js:153:9817)
	at MessagePortMain.<anonymous> (/usr/lib/code/out/vs/workbench/api/node/extensionHostProcess.js:153:6242)
	at MessagePortMain.emit (node:events:513:28)
	at MessagePortMain._internalPort.emit (node:electron/js2c/utility_init:2:367) setContext undefined
2023-12-14 23:45:37.876 [error] Canceled: Canceled
	at new f (/usr/lib/code/out/vs/workbench/api/node/extensionHostProcess.js:125:108614)
	at n.U (/usr/lib/code/out/vs/workbench/api/node/extensionHostProcess.js:134:10873)
	at F.<computed>.z.charCodeAt.F.<computed> (/usr/lib/code/out/vs/workbench/api/node/extensionHostProcess.js:134:8315)
	at i.g (/usr/lib/code/out/vs/workbench/api/node/extensionHostProcess.js:125:139130)
	at i.executeCommand (/usr/lib/code/out/vs/workbench/api/node/extensionHostProcess.js:125:138568)
	at $.registerCommand.description (/usr/lib/code/out/vs/workbench/api/node/extensionHostProcess.js:125:137892)
	at i.h (/usr/lib/code/out/vs/workbench/api/node/extensionHostProcess.js:125:139669)
	at i.g (/usr/lib/code/out/vs/workbench/api/node/extensionHostProcess.js:125:138661)
	at i.executeCommand (/usr/lib/code/out/vs/workbench/api/node/extensionHostProcess.js:125:138568)
	at Object.executeCommand (/usr/lib/code/out/vs/workbench/api/node/extensionHostProcess.js:140:21329)
	at h.D [as value] (/usr/lib/code/extensions/git/dist/main.js:2:1316925)
	at c.y (/usr/lib/code/out/vs/workbench/api/node/extensionHostProcess.js:80:1902)
	at c.z (/usr/lib/code/out/vs/workbench/api/node/extensionHostProcess.js:80:1972)
	at c.fire (/usr/lib/code/out/vs/workbench/api/node/extensionHostProcess.js:80:2188)
	at Object.m [as dispose] (/usr/lib/code/extensions/git/dist/main.js:2:1332842)
	at /usr/lib/code/extensions/git/dist/main.js:2:1337795
	at Array.forEach (<anonymous>)
	at g.dispose (/usr/lib/code/extensions/git/dist/main.js:2:1337781)
	at v.<anonymous> (/usr/lib/code/out/vs/workbench/api/node/extensionHostProcess.js:121:3572)
	at v.dispose (/usr/lib/code/out/vs/workbench/api/node/extensionHostProcess.js:121:3669)
	at v.<anonymous> (/usr/lib/code/extensions/git/dist/main.js:2:1318937)
	at v.dispose (/usr/lib/code/out/vs/workbench/api/node/extensionHostProcess.js:121:3669)
	at o (/usr/lib/code/out/vs/workbench/api/node/extensionHostProcess.js:30:754)
	at h.cb (/usr/lib/code/out/vs/workbench/api/node/extensionHostProcess.js:136:9843)
	at /usr/lib/code/out/vs/workbench/api/node/extensionHostProcess.js:136:7793
	at Array.map (<anonymous>)
	at h.Y (/usr/lib/code/out/vs/workbench/api/node/extensionHostProcess.js:136:7781)
	at h.terminate (/usr/lib/code/out/vs/workbench/api/node/extensionHostProcess.js:136:8051)
	at o.terminate (/usr/lib/code/out/vs/workbench/api/node/extensionHostProcess.js:140:1513)
	at a (/usr/lib/code/out/vs/workbench/api/node/extensionHostProcess.js:153:9817)
	at MessagePortMain.<anonymous> (/usr/lib/code/out/vs/workbench/api/node/extensionHostProcess.js:153:6242)
	at MessagePortMain.emit (node:events:513:28)
	at MessagePortMain._internalPort.emit (node:electron/js2c/utility_init:2:367) setContext undefined
2023-12-14 23:45:37.877 [error] Canceled: Canceled
	at new f (/usr/lib/code/out/vs/workbench/api/node/extensionHostProcess.js:125:108614)
	at n.U (/usr/lib/code/out/vs/workbench/api/node/extensionHostProcess.js:134:10873)
	at F.<computed>.z.charCodeAt.F.<computed> (/usr/lib/code/out/vs/workbench/api/node/extensionHostProcess.js:134:8315)
	at i.g (/usr/lib/code/out/vs/workbench/api/node/extensionHostProcess.js:125:139130)
	at i.executeCommand (/usr/lib/code/out/vs/workbench/api/node/extensionHostProcess.js:125:138568)
	at $.registerCommand.description (/usr/lib/code/out/vs/workbench/api/node/extensionHostProcess.js:125:137892)
	at i.h (/usr/lib/code/out/vs/workbench/api/node/extensionHostProcess.js:125:139669)
	at i.g (/usr/lib/code/out/vs/workbench/api/node/extensionHostProcess.js:125:138661)
	at i.executeCommand (/usr/lib/code/out/vs/workbench/api/node/extensionHostProcess.js:125:138568)
	at Object.executeCommand (/usr/lib/code/out/vs/workbench/api/node/extensionHostProcess.js:140:21329)
	at set b [as b] (/usr/lib/code/extensions/github/dist/extension.js:2:714708)
	at /usr/lib/code/extensions/github/dist/extension.js:2:715349
	at h.value (/usr/lib/code/extensions/git/dist/main.js:2:1408111)
	at c.y (/usr/lib/code/out/vs/workbench/api/node/extensionHostProcess.js:80:1902)
	at c.z (/usr/lib/code/out/vs/workbench/api/node/extensionHostProcess.js:80:1972)
	at c.fire (/usr/lib/code/out/vs/workbench/api/node/extensionHostProcess.js:80:2188)
	at Object.m [as dispose] (/usr/lib/code/extensions/git/dist/main.js:2:1332842)
	at /usr/lib/code/extensions/git/dist/main.js:2:1337795
	at Array.forEach (<anonymous>)
	at g.dispose (/usr/lib/code/extensions/git/dist/main.js:2:1337781)
	at v.<anonymous> (/usr/lib/code/out/vs/workbench/api/node/extensionHostProcess.js:121:3572)
	at v.dispose (/usr/lib/code/out/vs/workbench/api/node/extensionHostProcess.js:121:3669)
	at v.<anonymous> (/usr/lib/code/extensions/git/dist/main.js:2:1318937)
	at v.dispose (/usr/lib/code/out/vs/workbench/api/node/extensionHostProcess.js:121:3669)
	at o (/usr/lib/code/out/vs/workbench/api/node/extensionHostProcess.js:30:754)
	at h.cb (/usr/lib/code/out/vs/workbench/api/node/extensionHostProcess.js:136:9843)
	at /usr/lib/code/out/vs/workbench/api/node/extensionHostProcess.js:136:7793
	at Array.map (<anonymous>)
	at h.Y (/usr/lib/code/out/vs/workbench/api/node/extensionHostProcess.js:136:7781)
	at h.terminate (/usr/lib/code/out/vs/workbench/api/node/extensionHostProcess.js:136:8051)
	at o.terminate (/usr/lib/code/out/vs/workbench/api/node/extensionHostProcess.js:140:1513)
	at a (/usr/lib/code/out/vs/workbench/api/node/extensionHostProcess.js:153:9817)
	at MessagePortMain.<anonymous> (/usr/lib/code/out/vs/workbench/api/node/extensionHostProcess.js:153:6242)
	at MessagePortMain.emit (node:events:513:28)
	at MessagePortMain._internalPort.emit (node:electron/js2c/utility_init:2:367) setContext undefined
2023-12-14 23:45:37.879 [info] Extension host with pid 6283 exiting with code 0
