2024-04-02 01:33:34.147 [info] Log level: Info
2024-04-02 01:33:34.147 [info] Validating found git in: "git"
2024-04-02 01:33:34.147 [info] Using git "2.43.0" from "git"
2024-04-02 01:33:34.147 [info] > git rev-parse --show-toplevel [7ms]
2024-04-02 01:33:34.147 [info] fatal: not a git repository (or any of the parent directories): .git
2024-04-02 01:33:34.147 [info] > git rev-parse --show-toplevel [6ms]
2024-04-02 01:33:34.147 [info] fatal: not a git repository (or any of the parent directories): .git
2024-04-02 01:33:34.147 [info] > git rev-parse --show-toplevel [2ms]
2024-04-02 01:33:34.147 [info] fatal: not a git repository (or any of the parent directories): .git
2024-04-02 01:33:34.148 [info] > git rev-parse --show-toplevel [166ms]
2024-04-02 01:33:34.148 [info] fatal: not a git repository (or any of the parent directories): .git
2024-04-02 01:33:34.202 [info] > git rev-parse --show-toplevel [20ms]
2024-04-02 01:33:34.202 [info] fatal: not a git repository (or any of the parent directories): .git
2024-04-02 01:33:34.210 [info] > git rev-parse --show-toplevel [2ms]
2024-04-02 01:33:34.210 [info] fatal: not a git repository (or any of the parent directories): .git
2024-04-02 01:33:34.222 [info] > git rev-parse --show-toplevel [4ms]
2024-04-02 01:33:34.222 [info] fatal: not a git repository (or any of the parent directories): .git
2024-04-02 01:33:34.229 [info] > git rev-parse --show-toplevel [1ms]
2024-04-02 01:33:34.229 [info] fatal: not a git repository (or any of the parent directories): .git
2024-04-02 01:33:34.332 [info] > git rev-parse --show-toplevel [97ms]
2024-04-02 01:33:34.332 [info] fatal: not a git repository (or any of the parent directories): .git
2024-04-02 01:33:34.344 [info] > git rev-parse --show-toplevel [6ms]
2024-04-02 01:33:34.344 [info] fatal: not a git repository (or any of the parent directories): .git
2024-04-02 01:33:34.468 [info] > git rev-parse --show-toplevel [118ms]
2024-04-02 01:33:34.475 [info] > git rev-parse --git-dir --git-common-dir [1ms]
2024-04-02 01:33:34.489 [info] Open repository: /home/rizky/.oh-my-zsh
2024-04-02 01:33:34.505 [info] > git config --get commit.template [7ms]
2024-04-02 01:33:34.508 [info] > git rev-parse --show-toplevel [3ms]
2024-04-02 01:33:34.508 [info] fatal: not a git repository (or any of the parent directories): .git
2024-04-02 01:33:34.520 [info] > git rev-parse --show-toplevel [2ms]
2024-04-02 01:33:34.520 [info] fatal: not a git repository (or any of the parent directories): .git
2024-04-02 01:33:34.525 [info] > git for-each-ref --format=%(refname)%00%(upstream:short)%00%(objectname)%00%(upstream:track)%00%(upstream:remotename)%00%(upstream:remoteref) refs/heads/master refs/remotes/master [12ms]
2024-04-02 01:33:34.532 [info] > git rev-parse --show-toplevel [7ms]
2024-04-02 01:33:34.532 [info] fatal: not a git repository (or any of the parent directories): .git
2024-04-02 01:33:34.538 [info] > git rev-parse --show-toplevel [1ms]
2024-04-02 01:33:34.538 [info] fatal: not a git repository (or any of the parent directories): .git
2024-04-02 01:33:34.543 [info] > git rev-parse --show-toplevel [1ms]
2024-04-02 01:33:34.543 [info] fatal: not a git repository (or any of the parent directories): .git
2024-04-02 01:33:34.555 [info] > git rev-parse --show-toplevel [6ms]
2024-04-02 01:33:34.555 [info] fatal: not a git repository (or any of the parent directories): .git
2024-04-02 01:33:34.564 [info] > git rev-parse --show-toplevel [5ms]
2024-04-02 01:33:34.564 [info] fatal: not a git repository (or any of the parent directories): .git
2024-04-02 01:33:34.569 [info] > git rev-parse --show-toplevel [1ms]
2024-04-02 01:33:34.569 [info] fatal: not a git repository (or any of the parent directories): .git
2024-04-02 01:33:34.659 [info] > git rev-parse --show-toplevel [84ms]
2024-04-02 01:33:34.659 [info] fatal: not a git repository (or any of the parent directories): .git
2024-04-02 01:33:34.666 [info] > git rev-parse --show-toplevel [2ms]
2024-04-02 01:33:34.666 [info] fatal: not a git repository (or any of the parent directories): .git
2024-04-02 01:33:34.673 [info] > git rev-parse --show-toplevel [3ms]
2024-04-02 01:33:34.673 [info] fatal: not a git repository (or any of the parent directories): .git
2024-04-02 01:33:34.685 [info] > git rev-parse --show-toplevel [3ms]
2024-04-02 01:33:34.685 [info] fatal: not a git repository (or any of the parent directories): .git
2024-04-02 01:33:34.704 [info] > git rev-parse --show-toplevel [15ms]
2024-04-02 01:33:34.709 [info] > git rev-parse --git-dir --git-common-dir [1ms]
2024-04-02 01:33:34.715 [info] Open repository: /home/rizky/nvim
2024-04-02 01:33:34.728 [info] > git rev-parse --show-toplevel [2ms]
2024-04-02 01:33:34.728 [info] fatal: not a git repository (or any of the parent directories): .git
2024-04-02 01:33:34.728 [info] > git config --get commit.template [7ms]
2024-04-02 01:33:34.779 [info] > git for-each-ref --format=%(refname)%00%(upstream:short)%00%(objectname)%00%(upstream:track)%00%(upstream:remotename)%00%(upstream:remoteref) refs/heads/main refs/remotes/main [44ms]
2024-04-02 01:33:34.936 [info] > git status -z -uall [153ms]
2024-04-02 01:33:34.955 [info] > git config --get commit.template [2ms]
2024-04-02 01:33:34.961 [info] > git for-each-ref --format=%(refname)%00%(upstream:short)%00%(objectname)%00%(upstream:track)%00%(upstream:remotename)%00%(upstream:remoteref) refs/heads/main refs/remotes/main [1ms]
2024-04-02 01:33:34.969 [info] > git status -z -uall [3ms]
2024-04-02 01:33:35.242 [info] > git check-ignore -v -z --stdin [6ms]
2024-04-02 01:33:35.243 [info] > git check-ignore -v -z --stdin [2ms]
2024-04-02 01:33:36.113 [info] > git status -z -uall [1582ms]
2024-04-02 01:33:36.134 [info] > git config --get commit.template [3ms]
2024-04-02 01:33:36.213 [info] > git for-each-ref --format=%(refname)%00%(upstream:short)%00%(objectname)%00%(upstream:track)%00%(upstream:remotename)%00%(upstream:remoteref) refs/heads/master refs/remotes/master [4ms]
2024-04-02 01:33:36.259 [info] > git status -z -uall [40ms]
