2023-12-22 20:04:56 Loading main app package /usr/lib/obsidian/obsidian.asar
2023-12-22 20:04:56 Checking for update using Github
2023-12-22 20:04:57 Success.
2023-12-22 20:04:57 Latest version is 1.4.16
2023-12-22 20:04:57 App is up to date.
2023-12-22 20:07:09 Loading main app package /usr/lib/obsidian/obsidian.asar
2023-12-22 20:07:09 Checking for update using Github
2023-12-22 20:07:09 Success.
2023-12-22 20:07:09 Latest version is 1.4.16
2023-12-22 20:07:09 App is up to date.
2023-12-22 20:09:05 Loading main app package /usr/lib/obsidian/obsidian.asar
2023-12-22 20:09:05 Checking for update using Github
2023-12-22 20:09:05 Success.
2023-12-22 20:09:05 Latest version is 1.4.16
2023-12-22 20:09:05 App is up to date.
2024-03-28 13:35:00 Loading main app package /usr/lib/obsidian/obsidian.asar
2024-03-28 13:35:01 Checking for update using Github
2024-03-28 13:35:01 Success.
2024-03-28 13:35:01 Latest version is 1.5.11
2024-03-28 13:35:01 Downloading update from https://github.com/obsidianmd/obsidian-releases/releases/download/v1.5.11/obsidian-1.5.11.asar.gz
